20/Jun/2015 19:42:28,623- Log: ****************************************************************************************
20/Jun/2015 19:42:28,625- Log: $$$$$$$$$$$$$$$$$$$$$                 testCase1       $$$$$$$$$$$$$$$$$$$$$$$$$
20/Jun/2015 19:42:28,625- Log: ****************************************************************************************
20/Jun/2015 19:42:28,625- Log: TestCase 1
20/Jun/2015 19:42:28,626- Log: XXXXXXXXXXXXXXXXXXXXXXX             -E---N---D-             XXXXXXXXXXXXXXXXXXXXXX
20/Jun/2015 19:42:28,626- Log: ****************************************************************************************
20/Jun/2015 19:42:28,626- Log: testCase1--Test method success
20/Jun/2015 19:42:28,627- Log: ****************************************************************************************
20/Jun/2015 19:42:28,628- Log: $$$$$$$$$$$$$$$$$$$$$                 testCase2       $$$$$$$$$$$$$$$$$$$$$$$$$
20/Jun/2015 19:42:28,628- Log: ****************************************************************************************
20/Jun/2015 19:42:28,628- Log: TestCase2
20/Jun/2015 19:42:28,631- Log: testCase2--Test method failed
20/Jun/2015 19:42:28,632- Log: Assert Msg :Assert Failed Message
20/Jun/2015 19:42:28,632- Log: [Ljava.lang.StackTraceElement;@79efed2d
20/Jun/2015 19:42:28,633- Log: ****************************************************************************************
20/Jun/2015 19:42:28,633- Log: $$$$$$$$$$$$$$$$$$$$$                 testCase3       $$$$$$$$$$$$$$$$$$$$$$$$$
20/Jun/2015 19:42:28,633- Log: ****************************************************************************************
20/Jun/2015 19:42:28,633- Log: TestCase3
20/Jun/2015 19:42:28,634- Log: testCase3--Test method failed
20/Jun/2015 19:42:28,634- Log: Assert Msg :Assert Failed Message - TestCase 3
20/Jun/2015 19:42:28,634- Log: [Ljava.lang.StackTraceElement;@27ae2fd0
